in ServiceStrl
SERVICE_CONTROL_INTERROGATE
in ServiceStrl
SERVICE_CONTROL_INTERROGATE
in ServiceStrl
SERVICE_CONTROL_INTERROGATE
in ServiceStrl
SERVICE_CONTROL_INTERROGATE
in ServiceStrl
SERVICE_CONTROL_INTERROGATE
in ServiceStrl
SERVICE_CONTROL_INTERROGATE
in ServiceStrl
SERVICE_CONTROL_SHUTDOWN
<dwCurrentState SERVICE_STOP_PENDING>ServiceStrl
in exit_http
in 2 exit_http
in 3 exit_http
///////////////////////////////////////////in main
in Init
<dwCurrentState SERVICE_STOPPED>Init

StartServiceCtrlDispatcher
in ServiceMain
<dwCurrentState SERVICE_START_PENDING>ServiceMain
<dwCurrentState SERVICE_RUNNING>ServiceMain
in Run
in main_http
httpdserver start OK!

in ServiceStrl
SERVICE_CONTROL_INTERROGATE
in ServiceStrl
SERVICE_CONTROL_INTERROGATE
in ServiceStrl
SERVICE_CONTROL_INTERROGATE
in ServiceStrl
SERVICE_CONTROL_INTERROGATE
///////////////////////////////////////////in main
in Init
<dwCurrentState SERVICE_STOPPED>Init

StartServiceCtrlDispatcher
in ServiceMain
<dwCurrentState SERVICE_START_PENDING>ServiceMain
<dwCurrentState SERVICE_RUNNING>ServiceMain
in Run
in main_http
httpdserver start OK!

in ServiceStrl
SERVICE_CONTROL_INTERROGATE
in ServiceStrl
SERVICE_CONTROL_INTERROGATE
in ServiceStrl
SERVICE_CONTROL_INTERROGATE
in ServiceStrl
SERVICE_CONTROL_SHUTDOWN
<dwCurrentState SERVICE_STOP_PENDING>ServiceStrl
in exit_http
in 2 exit_http
in 3 exit_http
///////////////////////////////////////////in main
in Init
<dwCurrentState SERVICE_STOPPED>Init

StartServiceCtrlDispatcher
in ServiceMain
<dwCurrentState SERVICE_START_PENDING>ServiceMain
<dwCurrentState SERVICE_RUNNING>ServiceMain
in Run
in main_http
httpdserver start OK!

in ServiceStrl
SERVICE_CONTROL_INTERROGATE
in ServiceStrl
SERVICE_CONTROL_INTERROGATE
in ServiceStrl
SERVICE_CONTROL_INTERROGATE
in ServiceStrl
SERVICE_CONTROL_INTERROGATE
in ServiceStrl
SERVICE_CONTROL_INTERROGATE
in ServiceStrl
SERVICE_CONTROL_INTERROGATE
